<?xml version="1.0" encoding="UTF-8"?>
<!-- Generated by org.testng.reporters.JUnitReportReporter -->
<testsuite skipped="0" hostname="0f7032fc7f25" name="com.searchmodule.tests.Search2Test" tests="4" failures="0" timestamp="25 Jul 2021 10:20:18 GMT" time="21.025" errors="0">
  <testcase name="search" time="5.696" classname="com.searchmodule.tests.Search2Test"/>
  <testcase name="search" time="6.024" classname="com.searchmodule.tests.Search2Test"/>
  <testcase name="search" time="4.594" classname="com.searchmodule.tests.Search2Test"/>
  <testcase name="search" time="4.711" classname="com.searchmodule.tests.Search2Test"/>
</testsuite> <!-- com.searchmodule.tests.Search2Test -->
