<?xml version="1.0" encoding="UTF-8"?>
<!-- Generated by org.testng.reporters.JUnitReportReporter -->
<testsuite skipped="0" hostname="92eb4d055d9b" name="com.searchmodule.tests.Search2Test" tests="4" failures="0" timestamp="01 Aug 2021 10:02:26 GMT" time="16.932" errors="0">
  <testcase name="search" time="4.192" classname="com.searchmodule.tests.Search2Test"/>
  <testcase name="search" time="4.152" classname="com.searchmodule.tests.Search2Test"/>
  <testcase name="search" time="4.100" classname="com.searchmodule.tests.Search2Test"/>
  <testcase name="search" time="4.488" classname="com.searchmodule.tests.Search2Test"/>
</testsuite> <!-- com.searchmodule.tests.Search2Test -->
